/zhome/ba/f/147212/hpc/day2/tune_labs/soa.gcc: /lib64/libc.so.6: version `GLIBC_2.34' not found (required by /zhome/ba/f/147212/hpc/day2/tune_labs/soa.gcc)
/zhome/ba/f/147212/hpc/day2/tune_labs/aos.gcc: /lib64/libc.so.6: version `GLIBC_2.34' not found (required by /zhome/ba/f/147212/hpc/day2/tune_labs/aos.gcc)
/zhome/ba/f/147212/hpc/day2/tune_labs/soa.gcc: /lib64/libc.so.6: version `GLIBC_2.34' not found (required by /zhome/ba/f/147212/hpc/day2/tune_labs/soa.gcc)
/zhome/ba/f/147212/hpc/day2/tune_labs/aos.gcc: /lib64/libc.so.6: version `GLIBC_2.34' not found (required by /zhome/ba/f/147212/hpc/day2/tune_labs/aos.gcc)
/zhome/ba/f/147212/hpc/day2/tune_labs/soa.gcc: /lib64/libc.so.6: version `GLIBC_2.34' not found (required by /zhome/ba/f/147212/hpc/day2/tune_labs/soa.gcc)
/zhome/ba/f/147212/hpc/day2/tune_labs/aos.gcc: /lib64/libc.so.6: version `GLIBC_2.34' not found (required by /zhome/ba/f/147212/hpc/day2/tune_labs/aos.gcc)
/zhome/ba/f/147212/hpc/day2/tune_labs/soa.gcc: /lib64/libc.so.6: version `GLIBC_2.34' not found (required by /zhome/ba/f/147212/hpc/day2/tune_labs/soa.gcc)
/zhome/ba/f/147212/hpc/day2/tune_labs/aos.gcc: /lib64/libc.so.6: version `GLIBC_2.34' not found (required by /zhome/ba/f/147212/hpc/day2/tune_labs/aos.gcc)
/zhome/ba/f/147212/hpc/day2/tune_labs/soa.gcc: /lib64/libc.so.6: version `GLIBC_2.34' not found (required by /zhome/ba/f/147212/hpc/day2/tune_labs/soa.gcc)
/zhome/ba/f/147212/hpc/day2/tune_labs/aos.gcc: /lib64/libc.so.6: version `GLIBC_2.34' not found (required by /zhome/ba/f/147212/hpc/day2/tune_labs/aos.gcc)
/zhome/ba/f/147212/hpc/day2/tune_labs/soa.gcc: /lib64/libc.so.6: version `GLIBC_2.34' not found (required by /zhome/ba/f/147212/hpc/day2/tune_labs/soa.gcc)
/zhome/ba/f/147212/hpc/day2/tune_labs/aos.gcc: /lib64/libc.so.6: version `GLIBC_2.34' not found (required by /zhome/ba/f/147212/hpc/day2/tune_labs/aos.gcc)
/zhome/ba/f/147212/hpc/day2/tune_labs/soa.gcc: /lib64/libc.so.6: version `GLIBC_2.34' not found (required by /zhome/ba/f/147212/hpc/day2/tune_labs/soa.gcc)
/zhome/ba/f/147212/hpc/day2/tune_labs/aos.gcc: /lib64/libc.so.6: version `GLIBC_2.34' not found (required by /zhome/ba/f/147212/hpc/day2/tune_labs/aos.gcc)
/zhome/ba/f/147212/hpc/day2/tune_labs/soa.gcc: /lib64/libc.so.6: version `GLIBC_2.34' not found (required by /zhome/ba/f/147212/hpc/day2/tune_labs/soa.gcc)
/zhome/ba/f/147212/hpc/day2/tune_labs/aos.gcc: /lib64/libc.so.6: version `GLIBC_2.34' not found (required by /zhome/ba/f/147212/hpc/day2/tune_labs/aos.gcc)
/zhome/ba/f/147212/hpc/day2/tune_labs/soa.gcc: /lib64/libc.so.6: version `GLIBC_2.34' not found (required by /zhome/ba/f/147212/hpc/day2/tune_labs/soa.gcc)
/zhome/ba/f/147212/hpc/day2/tune_labs/aos.gcc: /lib64/libc.so.6: version `GLIBC_2.34' not found (required by /zhome/ba/f/147212/hpc/day2/tune_labs/aos.gcc)
/zhome/ba/f/147212/hpc/day2/tune_labs/soa.gcc: /lib64/libc.so.6: version `GLIBC_2.34' not found (required by /zhome/ba/f/147212/hpc/day2/tune_labs/soa.gcc)
/zhome/ba/f/147212/hpc/day2/tune_labs/aos.gcc: /lib64/libc.so.6: version `GLIBC_2.34' not found (required by /zhome/ba/f/147212/hpc/day2/tune_labs/aos.gcc)
/zhome/ba/f/147212/hpc/day2/tune_labs/soa.gcc: /lib64/libc.so.6: version `GLIBC_2.34' not found (required by /zhome/ba/f/147212/hpc/day2/tune_labs/soa.gcc)
/zhome/ba/f/147212/hpc/day2/tune_labs/aos.gcc: /lib64/libc.so.6: version `GLIBC_2.34' not found (required by /zhome/ba/f/147212/hpc/day2/tune_labs/aos.gcc)
/zhome/ba/f/147212/hpc/day2/tune_labs/soa.gcc: /lib64/libc.so.6: version `GLIBC_2.34' not found (required by /zhome/ba/f/147212/hpc/day2/tune_labs/soa.gcc)
/zhome/ba/f/147212/hpc/day2/tune_labs/aos.gcc: /lib64/libc.so.6: version `GLIBC_2.34' not found (required by /zhome/ba/f/147212/hpc/day2/tune_labs/aos.gcc)
/zhome/ba/f/147212/hpc/day2/tune_labs/soa.gcc: /lib64/libc.so.6: version `GLIBC_2.34' not found (required by /zhome/ba/f/147212/hpc/day2/tune_labs/soa.gcc)
/zhome/ba/f/147212/hpc/day2/tune_labs/aos.gcc: /lib64/libc.so.6: version `GLIBC_2.34' not found (required by /zhome/ba/f/147212/hpc/day2/tune_labs/aos.gcc)
/zhome/ba/f/147212/hpc/day2/tune_labs/soa.gcc: /lib64/libc.so.6: version `GLIBC_2.34' not found (required by /zhome/ba/f/147212/hpc/day2/tune_labs/soa.gcc)
/zhome/ba/f/147212/hpc/day2/tune_labs/aos.gcc: /lib64/libc.so.6: version `GLIBC_2.34' not found (required by /zhome/ba/f/147212/hpc/day2/tune_labs/aos.gcc)
/zhome/ba/f/147212/hpc/day2/tune_labs/soa.gcc: /lib64/libc.so.6: version `GLIBC_2.34' not found (required by /zhome/ba/f/147212/hpc/day2/tune_labs/soa.gcc)
/zhome/ba/f/147212/hpc/day2/tune_labs/aos.gcc: /lib64/libc.so.6: version `GLIBC_2.34' not found (required by /zhome/ba/f/147212/hpc/day2/tune_labs/aos.gcc)
/zhome/ba/f/147212/hpc/day2/tune_labs/soa.gcc: /lib64/libc.so.6: version `GLIBC_2.34' not found (required by /zhome/ba/f/147212/hpc/day2/tune_labs/soa.gcc)
/zhome/ba/f/147212/hpc/day2/tune_labs/aos.gcc: /lib64/libc.so.6: version `GLIBC_2.34' not found (required by /zhome/ba/f/147212/hpc/day2/tune_labs/aos.gcc)
/zhome/ba/f/147212/hpc/day2/tune_labs/soa.gcc: /lib64/libc.so.6: version `GLIBC_2.34' not found (required by /zhome/ba/f/147212/hpc/day2/tune_labs/soa.gcc)
/zhome/ba/f/147212/hpc/day2/tune_labs/aos.gcc: /lib64/libc.so.6: version `GLIBC_2.34' not found (required by /zhome/ba/f/147212/hpc/day2/tune_labs/aos.gcc)
/zhome/ba/f/147212/hpc/day2/tune_labs/soa.gcc: /lib64/libc.so.6: version `GLIBC_2.34' not found (required by /zhome/ba/f/147212/hpc/day2/tune_labs/soa.gcc)
/zhome/ba/f/147212/hpc/day2/tune_labs/aos.gcc: /lib64/libc.so.6: version `GLIBC_2.34' not found (required by /zhome/ba/f/147212/hpc/day2/tune_labs/aos.gcc)
/zhome/ba/f/147212/hpc/day2/tune_labs/soa.gcc: /lib64/libc.so.6: version `GLIBC_2.34' not found (required by /zhome/ba/f/147212/hpc/day2/tune_labs/soa.gcc)
/zhome/ba/f/147212/hpc/day2/tune_labs/aos.gcc: /lib64/libc.so.6: version `GLIBC_2.34' not found (required by /zhome/ba/f/147212/hpc/day2/tune_labs/aos.gcc)
/zhome/ba/f/147212/hpc/day2/tune_labs/soa.gcc: /lib64/libc.so.6: version `GLIBC_2.34' not found (required by /zhome/ba/f/147212/hpc/day2/tune_labs/soa.gcc)
/zhome/ba/f/147212/hpc/day2/tune_labs/aos.gcc: /lib64/libc.so.6: version `GLIBC_2.34' not found (required by /zhome/ba/f/147212/hpc/day2/tune_labs/aos.gcc)
/zhome/ba/f/147212/hpc/day2/tune_labs/soa.gcc: /lib64/libc.so.6: version `GLIBC_2.34' not found (required by /zhome/ba/f/147212/hpc/day2/tune_labs/soa.gcc)
/zhome/ba/f/147212/hpc/day2/tune_labs/aos.gcc: /lib64/libc.so.6: version `GLIBC_2.34' not found (required by /zhome/ba/f/147212/hpc/day2/tune_labs/aos.gcc)
/zhome/ba/f/147212/hpc/day2/tune_labs/soa.gcc: /lib64/libc.so.6: version `GLIBC_2.34' not found (required by /zhome/ba/f/147212/hpc/day2/tune_labs/soa.gcc)
/zhome/ba/f/147212/hpc/day2/tune_labs/aos.gcc: /lib64/libc.so.6: version `GLIBC_2.34' not found (required by /zhome/ba/f/147212/hpc/day2/tune_labs/aos.gcc)
/zhome/ba/f/147212/hpc/day2/tune_labs/soa.gcc: /lib64/libc.so.6: version `GLIBC_2.34' not found (required by /zhome/ba/f/147212/hpc/day2/tune_labs/soa.gcc)
/zhome/ba/f/147212/hpc/day2/tune_labs/aos.gcc: /lib64/libc.so.6: version `GLIBC_2.34' not found (required by /zhome/ba/f/147212/hpc/day2/tune_labs/aos.gcc)
/zhome/ba/f/147212/hpc/day2/tune_labs/soa.gcc: /lib64/libc.so.6: version `GLIBC_2.34' not found (required by /zhome/ba/f/147212/hpc/day2/tune_labs/soa.gcc)
/zhome/ba/f/147212/hpc/day2/tune_labs/aos.gcc: /lib64/libc.so.6: version `GLIBC_2.34' not found (required by /zhome/ba/f/147212/hpc/day2/tune_labs/aos.gcc)
/zhome/ba/f/147212/hpc/day2/tune_labs/soa.gcc: /lib64/libc.so.6: version `GLIBC_2.34' not found (required by /zhome/ba/f/147212/hpc/day2/tune_labs/soa.gcc)
/zhome/ba/f/147212/hpc/day2/tune_labs/aos.gcc: /lib64/libc.so.6: version `GLIBC_2.34' not found (required by /zhome/ba/f/147212/hpc/day2/tune_labs/aos.gcc)
/zhome/ba/f/147212/hpc/day2/tune_labs/soa.gcc: /lib64/libc.so.6: version `GLIBC_2.34' not found (required by /zhome/ba/f/147212/hpc/day2/tune_labs/soa.gcc)
/zhome/ba/f/147212/hpc/day2/tune_labs/aos.gcc: /lib64/libc.so.6: version `GLIBC_2.34' not found (required by /zhome/ba/f/147212/hpc/day2/tune_labs/aos.gcc)
/zhome/ba/f/147212/hpc/day2/tune_labs/soa.gcc: /lib64/libc.so.6: version `GLIBC_2.34' not found (required by /zhome/ba/f/147212/hpc/day2/tune_labs/soa.gcc)
/zhome/ba/f/147212/hpc/day2/tune_labs/aos.gcc: /lib64/libc.so.6: version `GLIBC_2.34' not found (required by /zhome/ba/f/147212/hpc/day2/tune_labs/aos.gcc)
/zhome/ba/f/147212/hpc/day2/tune_labs/soa.gcc: /lib64/libc.so.6: version `GLIBC_2.34' not found (required by /zhome/ba/f/147212/hpc/day2/tune_labs/soa.gcc)
/zhome/ba/f/147212/hpc/day2/tune_labs/aos.gcc: /lib64/libc.so.6: version `GLIBC_2.34' not found (required by /zhome/ba/f/147212/hpc/day2/tune_labs/aos.gcc)
/zhome/ba/f/147212/hpc/day2/tune_labs/soa.gcc: /lib64/libc.so.6: version `GLIBC_2.34' not found (required by /zhome/ba/f/147212/hpc/day2/tune_labs/soa.gcc)
/zhome/ba/f/147212/hpc/day2/tune_labs/aos.gcc: /lib64/libc.so.6: version `GLIBC_2.34' not found (required by /zhome/ba/f/147212/hpc/day2/tune_labs/aos.gcc)
/zhome/ba/f/147212/hpc/day2/tune_labs/soa.gcc: /lib64/libc.so.6: version `GLIBC_2.34' not found (required by /zhome/ba/f/147212/hpc/day2/tune_labs/soa.gcc)
/zhome/ba/f/147212/hpc/day2/tune_labs/aos.gcc: /lib64/libc.so.6: version `GLIBC_2.34' not found (required by /zhome/ba/f/147212/hpc/day2/tune_labs/aos.gcc)
/zhome/ba/f/147212/hpc/day2/tune_labs/soa.gcc: /lib64/libc.so.6: version `GLIBC_2.34' not found (required by /zhome/ba/f/147212/hpc/day2/tune_labs/soa.gcc)
/zhome/ba/f/147212/hpc/day2/tune_labs/aos.gcc: /lib64/libc.so.6: version `GLIBC_2.34' not found (required by /zhome/ba/f/147212/hpc/day2/tune_labs/aos.gcc)
/zhome/ba/f/147212/hpc/day2/tune_labs/soa.gcc: /lib64/libc.so.6: version `GLIBC_2.34' not found (required by /zhome/ba/f/147212/hpc/day2/tune_labs/soa.gcc)
/zhome/ba/f/147212/hpc/day2/tune_labs/aos.gcc: /lib64/libc.so.6: version `GLIBC_2.34' not found (required by /zhome/ba/f/147212/hpc/day2/tune_labs/aos.gcc)
/zhome/ba/f/147212/hpc/day2/tune_labs/soa.gcc: /lib64/libc.so.6: version `GLIBC_2.34' not found (required by /zhome/ba/f/147212/hpc/day2/tune_labs/soa.gcc)
/zhome/ba/f/147212/hpc/day2/tune_labs/aos.gcc: /lib64/libc.so.6: version `GLIBC_2.34' not found (required by /zhome/ba/f/147212/hpc/day2/tune_labs/aos.gcc)
/zhome/ba/f/147212/hpc/day2/tune_labs/soa.gcc: /lib64/libc.so.6: version `GLIBC_2.34' not found (required by /zhome/ba/f/147212/hpc/day2/tune_labs/soa.gcc)
/zhome/ba/f/147212/hpc/day2/tune_labs/aos.gcc: /lib64/libc.so.6: version `GLIBC_2.34' not found (required by /zhome/ba/f/147212/hpc/day2/tune_labs/aos.gcc)
/zhome/ba/f/147212/hpc/day2/tune_labs/soa.gcc: /lib64/libc.so.6: version `GLIBC_2.34' not found (required by /zhome/ba/f/147212/hpc/day2/tune_labs/soa.gcc)
/zhome/ba/f/147212/hpc/day2/tune_labs/aos.gcc: /lib64/libc.so.6: version `GLIBC_2.34' not found (required by /zhome/ba/f/147212/hpc/day2/tune_labs/aos.gcc)
/zhome/ba/f/147212/hpc/day2/tune_labs/soa.gcc: /lib64/libc.so.6: version `GLIBC_2.34' not found (required by /zhome/ba/f/147212/hpc/day2/tune_labs/soa.gcc)
/zhome/ba/f/147212/hpc/day2/tune_labs/aos.gcc: /lib64/libc.so.6: version `GLIBC_2.34' not found (required by /zhome/ba/f/147212/hpc/day2/tune_labs/aos.gcc)
/zhome/ba/f/147212/hpc/day2/tune_labs/soa.gcc: /lib64/libc.so.6: version `GLIBC_2.34' not found (required by /zhome/ba/f/147212/hpc/day2/tune_labs/soa.gcc)
/zhome/ba/f/147212/hpc/day2/tune_labs/aos.gcc: /lib64/libc.so.6: version `GLIBC_2.34' not found (required by /zhome/ba/f/147212/hpc/day2/tune_labs/aos.gcc)
/zhome/ba/f/147212/hpc/day2/tune_labs/soa.gcc: /lib64/libc.so.6: version `GLIBC_2.34' not found (required by /zhome/ba/f/147212/hpc/day2/tune_labs/soa.gcc)
/zhome/ba/f/147212/hpc/day2/tune_labs/aos.gcc: /lib64/libc.so.6: version `GLIBC_2.34' not found (required by /zhome/ba/f/147212/hpc/day2/tune_labs/aos.gcc)
/zhome/ba/f/147212/hpc/day2/tune_labs/soa.gcc: /lib64/libc.so.6: version `GLIBC_2.34' not found (required by /zhome/ba/f/147212/hpc/day2/tune_labs/soa.gcc)
/zhome/ba/f/147212/hpc/day2/tune_labs/aos.gcc: /lib64/libc.so.6: version `GLIBC_2.34' not found (required by /zhome/ba/f/147212/hpc/day2/tune_labs/aos.gcc)
/zhome/ba/f/147212/hpc/day2/tune_labs/soa.gcc: /lib64/libc.so.6: version `GLIBC_2.34' not found (required by /zhome/ba/f/147212/hpc/day2/tune_labs/soa.gcc)
/zhome/ba/f/147212/hpc/day2/tune_labs/aos.gcc: /lib64/libc.so.6: version `GLIBC_2.34' not found (required by /zhome/ba/f/147212/hpc/day2/tune_labs/aos.gcc)
/zhome/ba/f/147212/hpc/day2/tune_labs/soa.gcc: /lib64/libc.so.6: version `GLIBC_2.34' not found (required by /zhome/ba/f/147212/hpc/day2/tune_labs/soa.gcc)
/zhome/ba/f/147212/hpc/day2/tune_labs/aos.gcc: /lib64/libc.so.6: version `GLIBC_2.34' not found (required by /zhome/ba/f/147212/hpc/day2/tune_labs/aos.gcc)
/zhome/ba/f/147212/hpc/day2/tune_labs/soa.gcc: /lib64/libc.so.6: version `GLIBC_2.34' not found (required by /zhome/ba/f/147212/hpc/day2/tune_labs/soa.gcc)
/zhome/ba/f/147212/hpc/day2/tune_labs/aos.gcc: /lib64/libc.so.6: version `GLIBC_2.34' not found (required by /zhome/ba/f/147212/hpc/day2/tune_labs/aos.gcc)
/zhome/ba/f/147212/hpc/day2/tune_labs/soa.gcc: /lib64/libc.so.6: version `GLIBC_2.34' not found (required by /zhome/ba/f/147212/hpc/day2/tune_labs/soa.gcc)
/zhome/ba/f/147212/hpc/day2/tune_labs/aos.gcc: /lib64/libc.so.6: version `GLIBC_2.34' not found (required by /zhome/ba/f/147212/hpc/day2/tune_labs/aos.gcc)
/zhome/ba/f/147212/hpc/day2/tune_labs/soa.gcc: /lib64/libc.so.6: version `GLIBC_2.34' not found (required by /zhome/ba/f/147212/hpc/day2/tune_labs/soa.gcc)
/zhome/ba/f/147212/hpc/day2/tune_labs/aos.gcc: /lib64/libc.so.6: version `GLIBC_2.34' not found (required by /zhome/ba/f/147212/hpc/day2/tune_labs/aos.gcc)
/zhome/ba/f/147212/hpc/day2/tune_labs/soa.gcc: /lib64/libc.so.6: version `GLIBC_2.34' not found (required by /zhome/ba/f/147212/hpc/day2/tune_labs/soa.gcc)
/zhome/ba/f/147212/hpc/day2/tune_labs/aos.gcc: /lib64/libc.so.6: version `GLIBC_2.34' not found (required by /zhome/ba/f/147212/hpc/day2/tune_labs/aos.gcc)
/zhome/ba/f/147212/hpc/day2/tune_labs/soa.gcc: /lib64/libc.so.6: version `GLIBC_2.34' not found (required by /zhome/ba/f/147212/hpc/day2/tune_labs/soa.gcc)
/zhome/ba/f/147212/hpc/day2/tune_labs/aos.gcc: /lib64/libc.so.6: version `GLIBC_2.34' not found (required by /zhome/ba/f/147212/hpc/day2/tune_labs/aos.gcc)
/zhome/ba/f/147212/hpc/day2/tune_labs/soa.gcc: /lib64/libc.so.6: version `GLIBC_2.34' not found (required by /zhome/ba/f/147212/hpc/day2/tune_labs/soa.gcc)
/zhome/ba/f/147212/hpc/day2/tune_labs/aos.gcc: /lib64/libc.so.6: version `GLIBC_2.34' not found (required by /zhome/ba/f/147212/hpc/day2/tune_labs/aos.gcc)
/zhome/ba/f/147212/hpc/day2/tune_labs/soa.gcc: /lib64/libc.so.6: version `GLIBC_2.34' not found (required by /zhome/ba/f/147212/hpc/day2/tune_labs/soa.gcc)
/zhome/ba/f/147212/hpc/day2/tune_labs/aos.gcc: /lib64/libc.so.6: version `GLIBC_2.34' not found (required by /zhome/ba/f/147212/hpc/day2/tune_labs/aos.gcc)
/zhome/ba/f/147212/hpc/day2/tune_labs/soa.gcc: /lib64/libc.so.6: version `GLIBC_2.34' not found (required by /zhome/ba/f/147212/hpc/day2/tune_labs/soa.gcc)
/zhome/ba/f/147212/hpc/day2/tune_labs/aos.gcc: /lib64/libc.so.6: version `GLIBC_2.34' not found (required by /zhome/ba/f/147212/hpc/day2/tune_labs/aos.gcc)
/zhome/ba/f/147212/hpc/day2/tune_labs/soa.gcc: /lib64/libc.so.6: version `GLIBC_2.34' not found (required by /zhome/ba/f/147212/hpc/day2/tune_labs/soa.gcc)
/zhome/ba/f/147212/hpc/day2/tune_labs/aos.gcc: /lib64/libc.so.6: version `GLIBC_2.34' not found (required by /zhome/ba/f/147212/hpc/day2/tune_labs/aos.gcc)
/zhome/ba/f/147212/hpc/day2/tune_labs/soa.gcc: /lib64/libc.so.6: version `GLIBC_2.34' not found (required by /zhome/ba/f/147212/hpc/day2/tune_labs/soa.gcc)
/zhome/ba/f/147212/hpc/day2/tune_labs/aos.gcc: /lib64/libc.so.6: version `GLIBC_2.34' not found (required by /zhome/ba/f/147212/hpc/day2/tune_labs/aos.gcc)
/zhome/ba/f/147212/hpc/day2/tune_labs/soa.gcc: /lib64/libc.so.6: version `GLIBC_2.34' not found (required by /zhome/ba/f/147212/hpc/day2/tune_labs/soa.gcc)
/zhome/ba/f/147212/hpc/day2/tune_labs/aos.gcc: /lib64/libc.so.6: version `GLIBC_2.34' not found (required by /zhome/ba/f/147212/hpc/day2/tune_labs/aos.gcc)
/zhome/ba/f/147212/hpc/day2/tune_labs/soa.gcc: /lib64/libc.so.6: version `GLIBC_2.34' not found (required by /zhome/ba/f/147212/hpc/day2/tune_labs/soa.gcc)
/zhome/ba/f/147212/hpc/day2/tune_labs/aos.gcc: /lib64/libc.so.6: version `GLIBC_2.34' not found (required by /zhome/ba/f/147212/hpc/day2/tune_labs/aos.gcc)
/zhome/ba/f/147212/hpc/day2/tune_labs/soa.gcc: /lib64/libc.so.6: version `GLIBC_2.34' not found (required by /zhome/ba/f/147212/hpc/day2/tune_labs/soa.gcc)
/zhome/ba/f/147212/hpc/day2/tune_labs/aos.gcc: /lib64/libc.so.6: version `GLIBC_2.34' not found (required by /zhome/ba/f/147212/hpc/day2/tune_labs/aos.gcc)
/zhome/ba/f/147212/hpc/day2/tune_labs/soa.gcc: /lib64/libc.so.6: version `GLIBC_2.34' not found (required by /zhome/ba/f/147212/hpc/day2/tune_labs/soa.gcc)
/zhome/ba/f/147212/hpc/day2/tune_labs/aos.gcc: /lib64/libc.so.6: version `GLIBC_2.34' not found (required by /zhome/ba/f/147212/hpc/day2/tune_labs/aos.gcc)
/zhome/ba/f/147212/hpc/day2/tune_labs/soa.gcc: /lib64/libc.so.6: version `GLIBC_2.34' not found (required by /zhome/ba/f/147212/hpc/day2/tune_labs/soa.gcc)
/zhome/ba/f/147212/hpc/day2/tune_labs/aos.gcc: /lib64/libc.so.6: version `GLIBC_2.34' not found (required by /zhome/ba/f/147212/hpc/day2/tune_labs/aos.gcc)
/zhome/ba/f/147212/hpc/day2/tune_labs/soa.gcc: /lib64/libc.so.6: version `GLIBC_2.34' not found (required by /zhome/ba/f/147212/hpc/day2/tune_labs/soa.gcc)
/zhome/ba/f/147212/hpc/day2/tune_labs/aos.gcc: /lib64/libc.so.6: version `GLIBC_2.34' not found (required by /zhome/ba/f/147212/hpc/day2/tune_labs/aos.gcc)
/zhome/ba/f/147212/hpc/day2/tune_labs/soa.gcc: /lib64/libc.so.6: version `GLIBC_2.34' not found (required by /zhome/ba/f/147212/hpc/day2/tune_labs/soa.gcc)
/zhome/ba/f/147212/hpc/day2/tune_labs/aos.gcc: /lib64/libc.so.6: version `GLIBC_2.34' not found (required by /zhome/ba/f/147212/hpc/day2/tune_labs/aos.gcc)
/zhome/ba/f/147212/hpc/day2/tune_labs/soa.gcc: /lib64/libc.so.6: version `GLIBC_2.34' not found (required by /zhome/ba/f/147212/hpc/day2/tune_labs/soa.gcc)
/zhome/ba/f/147212/hpc/day2/tune_labs/aos.gcc: /lib64/libc.so.6: version `GLIBC_2.34' not found (required by /zhome/ba/f/147212/hpc/day2/tune_labs/aos.gcc)
/zhome/ba/f/147212/hpc/day2/tune_labs/soa.gcc: /lib64/libc.so.6: version `GLIBC_2.34' not found (required by /zhome/ba/f/147212/hpc/day2/tune_labs/soa.gcc)
/zhome/ba/f/147212/hpc/day2/tune_labs/aos.gcc: /lib64/libc.so.6: version `GLIBC_2.34' not found (required by /zhome/ba/f/147212/hpc/day2/tune_labs/aos.gcc)
/zhome/ba/f/147212/hpc/day2/tune_labs/soa.gcc: /lib64/libc.so.6: version `GLIBC_2.34' not found (required by /zhome/ba/f/147212/hpc/day2/tune_labs/soa.gcc)
/zhome/ba/f/147212/hpc/day2/tune_labs/aos.gcc: /lib64/libc.so.6: version `GLIBC_2.34' not found (required by /zhome/ba/f/147212/hpc/day2/tune_labs/aos.gcc)
/zhome/ba/f/147212/hpc/day2/tune_labs/soa.gcc: /lib64/libc.so.6: version `GLIBC_2.34' not found (required by /zhome/ba/f/147212/hpc/day2/tune_labs/soa.gcc)
/zhome/ba/f/147212/hpc/day2/tune_labs/aos.gcc: /lib64/libc.so.6: version `GLIBC_2.34' not found (required by /zhome/ba/f/147212/hpc/day2/tune_labs/aos.gcc)
/zhome/ba/f/147212/hpc/day2/tune_labs/soa.gcc: /lib64/libc.so.6: version `GLIBC_2.34' not found (required by /zhome/ba/f/147212/hpc/day2/tune_labs/soa.gcc)
/zhome/ba/f/147212/hpc/day2/tune_labs/aos.gcc: /lib64/libc.so.6: version `GLIBC_2.34' not found (required by /zhome/ba/f/147212/hpc/day2/tune_labs/aos.gcc)
/zhome/ba/f/147212/hpc/day2/tune_labs/soa.gcc: /lib64/libc.so.6: version `GLIBC_2.34' not found (required by /zhome/ba/f/147212/hpc/day2/tune_labs/soa.gcc)
/zhome/ba/f/147212/hpc/day2/tune_labs/aos.gcc: /lib64/libc.so.6: version `GLIBC_2.34' not found (required by /zhome/ba/f/147212/hpc/day2/tune_labs/aos.gcc)
/zhome/ba/f/147212/hpc/day2/tune_labs/soa.gcc: /lib64/libc.so.6: version `GLIBC_2.34' not found (required by /zhome/ba/f/147212/hpc/day2/tune_labs/soa.gcc)
/zhome/ba/f/147212/hpc/day2/tune_labs/aos.gcc: /lib64/libc.so.6: version `GLIBC_2.34' not found (required by /zhome/ba/f/147212/hpc/day2/tune_labs/aos.gcc)
/zhome/ba/f/147212/hpc/day2/tune_labs/soa.gcc: /lib64/libc.so.6: version `GLIBC_2.34' not found (required by /zhome/ba/f/147212/hpc/day2/tune_labs/soa.gcc)
/zhome/ba/f/147212/hpc/day2/tune_labs/aos.gcc: /lib64/libc.so.6: version `GLIBC_2.34' not found (required by /zhome/ba/f/147212/hpc/day2/tune_labs/aos.gcc)
/zhome/ba/f/147212/hpc/day2/tune_labs/soa.gcc: /lib64/libc.so.6: version `GLIBC_2.34' not found (required by /zhome/ba/f/147212/hpc/day2/tune_labs/soa.gcc)
/zhome/ba/f/147212/hpc/day2/tune_labs/aos.gcc: /lib64/libc.so.6: version `GLIBC_2.34' not found (required by /zhome/ba/f/147212/hpc/day2/tune_labs/aos.gcc)
/zhome/ba/f/147212/hpc/day2/tune_labs/soa.gcc: /lib64/libc.so.6: version `GLIBC_2.34' not found (required by /zhome/ba/f/147212/hpc/day2/tune_labs/soa.gcc)
/zhome/ba/f/147212/hpc/day2/tune_labs/aos.gcc: /lib64/libc.so.6: version `GLIBC_2.34' not found (required by /zhome/ba/f/147212/hpc/day2/tune_labs/aos.gcc)
/zhome/ba/f/147212/hpc/day2/tune_labs/soa.gcc: /lib64/libc.so.6: version `GLIBC_2.34' not found (required by /zhome/ba/f/147212/hpc/day2/tune_labs/soa.gcc)
/zhome/ba/f/147212/hpc/day2/tune_labs/aos.gcc: /lib64/libc.so.6: version `GLIBC_2.34' not found (required by /zhome/ba/f/147212/hpc/day2/tune_labs/aos.gcc)
/zhome/ba/f/147212/hpc/day2/tune_labs/soa.gcc: /lib64/libc.so.6: version `GLIBC_2.34' not found (required by /zhome/ba/f/147212/hpc/day2/tune_labs/soa.gcc)
/zhome/ba/f/147212/hpc/day2/tune_labs/aos.gcc: /lib64/libc.so.6: version `GLIBC_2.34' not found (required by /zhome/ba/f/147212/hpc/day2/tune_labs/aos.gcc)
/zhome/ba/f/147212/hpc/day2/tune_labs/soa.gcc: /lib64/libc.so.6: version `GLIBC_2.34' not found (required by /zhome/ba/f/147212/hpc/day2/tune_labs/soa.gcc)
/zhome/ba/f/147212/hpc/day2/tune_labs/aos.gcc: /lib64/libc.so.6: version `GLIBC_2.34' not found (required by /zhome/ba/f/147212/hpc/day2/tune_labs/aos.gcc)
/zhome/ba/f/147212/hpc/day2/tune_labs/soa.gcc: /lib64/libc.so.6: version `GLIBC_2.34' not found (required by /zhome/ba/f/147212/hpc/day2/tune_labs/soa.gcc)
/zhome/ba/f/147212/hpc/day2/tune_labs/aos.gcc: /lib64/libc.so.6: version `GLIBC_2.34' not found (required by /zhome/ba/f/147212/hpc/day2/tune_labs/aos.gcc)
/zhome/ba/f/147212/hpc/day2/tune_labs/soa.gcc: /lib64/libc.so.6: version `GLIBC_2.34' not found (required by /zhome/ba/f/147212/hpc/day2/tune_labs/soa.gcc)
/zhome/ba/f/147212/hpc/day2/tune_labs/aos.gcc: /lib64/libc.so.6: version `GLIBC_2.34' not found (required by /zhome/ba/f/147212/hpc/day2/tune_labs/aos.gcc)
/zhome/ba/f/147212/hpc/day2/tune_labs/soa.gcc: /lib64/libc.so.6: version `GLIBC_2.34' not found (required by /zhome/ba/f/147212/hpc/day2/tune_labs/soa.gcc)
/zhome/ba/f/147212/hpc/day2/tune_labs/aos.gcc: /lib64/libc.so.6: version `GLIBC_2.34' not found (required by /zhome/ba/f/147212/hpc/day2/tune_labs/aos.gcc)
/zhome/ba/f/147212/hpc/day2/tune_labs/soa.gcc: /lib64/libc.so.6: version `GLIBC_2.34' not found (required by /zhome/ba/f/147212/hpc/day2/tune_labs/soa.gcc)
/zhome/ba/f/147212/hpc/day2/tune_labs/aos.gcc: /lib64/libc.so.6: version `GLIBC_2.34' not found (required by /zhome/ba/f/147212/hpc/day2/tune_labs/aos.gcc)

------------------------------------------------------------
Sender: LSF System <lsfadmin@hpc.dtu.dk>
Subject: Job 19851476: <SOAvsAOS> in cluster <dcc> Exited

Job <SOAvsAOS> was submitted from host <gbarlogin1> by user <s194119> in cluster <dcc> at Wed Jan  3 14:13:19 2024
Job was executed on host(s) <n-62-21-1>, in queue <hpcintro>, as user <s194119> in cluster <dcc> at Wed Jan  3 14:13:19 2024
</zhome/ba/f/147212> was used as the home directory.
</zhome/ba/f/147212/hpc/day2/tune_labs> was used as the working directory.
Started at Wed Jan  3 14:13:19 2024
Terminated at Wed Jan  3 14:13:21 2024
Results reported at Wed Jan  3 14:13:21 2024

Your job looked like:

------------------------------------------------------------
# LSBATCH: User input
#!/bin/sh
#BSUB -q hpcintro
#BSUB -J SOAvsAOS
#BSUB -R "rusage[mem=4GB]"
#BSUB -R "select[model == XeonE5_2650v4]"
#BSUB -W 01:00
#BSUB -u gygridd@gmail.com
#BSUB -o SOAvsAOS.out


for nparticles in {2000..3000000..40000}
do 
	/zhome/ba/f/147212/hpc/day2/tune_labs/soa.gcc 1000 $nparticles
	/zhome/ba/f/147212/hpc/day2/tune_labs/aos.gcc 1000 $nparticles
done




------------------------------------------------------------

Exited with exit code 1.

Resource usage summary:

    CPU time :                                   0.38 sec.
    Max Memory :                                 -
    Average Memory :                             -
    Total Requested Memory :                     4096.00 MB
    Delta Memory :                               -
    Max Swap :                                   -
    Max Processes :                              -
    Max Threads :                                -
    Run time :                                   2 sec.
    Turnaround time :                            2 sec.

The output (if any) is above this job summary.

