Finished sleeping...
XeonE5-2650v4

------------------------------------------------------------
Sender: LSF System <lsfadmin@hpc.dtu.dk>
Subject: Job 19842691: <SLEEPER> in cluster <dcc> Done

Job <SLEEPER> was submitted from host <n-62-27-20> by user <s194119> in cluster <dcc> at Tue Jan  2 13:20:50 2024
Job was executed on host(s) <n-62-21-5>, in queue <hpcintro>, as user <s194119> in cluster <dcc> at Tue Jan  2 13:20:52 2024
</zhome/ba/f/147212> was used as the home directory.
</zhome/ba/f/147212/hpc/lab1> was used as the working directory.
Started at Tue Jan  2 13:20:52 2024
Terminated at Tue Jan  2 13:21:23 2024
Results reported at Tue Jan  2 13:21:23 2024

Your job looked like:

------------------------------------------------------------
# LSBATCH: User input
#!/bin/sh
#BSUB -q hpcintro
#BSUB -J SLEEPER
#BSUB -R "rusage[mem=200MB]"
#BSUB -R "select[model == XeonE5_2650v4]"
#BSUB -W 00:02
#BSUB -u gygridd@gmail.com
#BSUB -o Output%J.out

#commands to exec
/bin/sleep 30 
echo "Finished sleeping..." 
echo $CPUTYPEV

------------------------------------------------------------

Successfully completed.

Resource usage summary:

    CPU time :                                   0.30 sec.
    Max Memory :                                 7 MB
    Average Memory :                             7.00 MB
    Total Requested Memory :                     200.00 MB
    Delta Memory :                               193.00 MB
    Max Swap :                                   -
    Max Processes :                              4
    Max Threads :                                5
    Run time :                                   31 sec.
    Turnaround time :                            33 sec.

The output (if any) is above this job summary.

